<?xml version="1.0" encoding="UTF-8"?>
<!-- Generated by org.testng.reporters.JUnitXMLReporter -->
<testsuite ignored="0" hostname="LAPTOP-EHRHQ1VN" failures="1" tests="1" name="Surefire test" time="3.718" errors="0" timestamp="2025-02-20T18:14:49 PST">
  <testcase classname="com.automation.tests.GoogleSearchTest" name="testGoogleSearch" time="1.672">
    <failure type="java.lang.AssertionError" message="expected [true] but found [false]">
      <![CDATA[java.lang.AssertionError: expected [true] but found [false]
at com.automation.tests.GoogleSearchTest.testGoogleSearch(GoogleSearchTest.java:43)
at java.base/java.util.ArrayList.forEach(ArrayList.java:1511)
... Removed 36 stack frames]]>
    </failure>
  </testcase> <!-- testGoogleSearch -->
</testsuite> <!-- Surefire test -->
